TN:
SF:src\configs\auth.js
FNF:0
FNH:0
DA:1,1
DA:2,1
DA:3,1
DA:4,1
DA:5,1
DA:6,1
DA:7,1
LF:7
LH:7
BRDA:1,0,0,1
BRF:1
BRH:1
end_of_record
TN:
SF:src\configs\config.js
FNF:0
FNH:0
DA:1,1
DA:2,1
DA:3,1
DA:4,1
DA:5,1
DA:6,1
DA:7,1
DA:8,1
DA:9,1
DA:10,1
DA:11,1
DA:12,1
DA:13,1
DA:14,1
DA:15,1
LF:15
LH:15
BRDA:1,0,0,1
BRF:1
BRH:1
end_of_record
TN:
SF:src\configs\upload.js
FN:14,destination
FN:17,filename
FNF:2
FNH:2
FNDA:1,destination
FNDA:1,filename
DA:1,1
DA:2,1
DA:3,1
DA:4,1
DA:5,1
DA:6,1
DA:7,1
DA:8,1
DA:9,1
DA:10,1
DA:11,1
DA:12,1
DA:13,1
DA:14,1
DA:15,1
DA:16,1
DA:17,1
DA:18,1
DA:19,1
DA:20,1
DA:21,1
DA:22,1
DA:23,1
LF:23
LH:23
BRDA:1,0,0,1
BRDA:14,1,0,1
BRDA:17,2,0,1
BRF:3
BRH:3
end_of_record
TN:
SF:src\controllers\ImagesController.js
FN:9,<instance_members_initializer>
FN:10,ImagesController
FN:14,save
FN:26,delete
FN:30,findByUserId
FNF:5
FNH:4
FNDA:1,<instance_members_initializer>
FNDA:1,ImagesController
FNDA:1,save
FNDA:0,delete
FNDA:1,findByUserId
DA:1,1
DA:2,1
DA:3,1
DA:4,1
DA:5,1
DA:6,1
DA:7,1
DA:8,1
DA:9,1
DA:10,1
DA:11,1
DA:12,1
DA:13,1
DA:14,1
DA:15,1
DA:16,1
DA:17,1
DA:18,1
DA:19,1
DA:20,1
DA:21,0
DA:22,0
DA:23,0
DA:24,1
DA:25,1
DA:26,1
DA:27,0
DA:28,0
DA:29,1
DA:30,1
DA:31,1
DA:32,1
DA:33,1
DA:34,1
DA:35,1
DA:36,1
DA:37,1
DA:38,1
DA:39,1
LF:39
LH:34
BRDA:1,0,0,1
BRDA:9,1,0,1
BRDA:10,2,0,1
BRDA:14,3,0,1
BRDA:21,4,0,0
BRDA:30,5,0,1
BRF:6
BRH:5
end_of_record
TN:
SF:src\controllers\UserController.js
FN:5,<instance_members_initializer>
FN:6,UserController
FN:10,create
FN:19,session
FNF:4
FNH:4
FNDA:1,<instance_members_initializer>
FNDA:1,UserController
FNDA:2,create
FNDA:1,session
DA:1,1
DA:2,1
DA:3,1
DA:4,1
DA:5,1
DA:6,1
DA:7,1
DA:8,1
DA:9,1
DA:10,1
DA:11,2
DA:12,2
DA:13,2
DA:14,2
DA:15,2
DA:16,2
DA:17,2
DA:18,1
DA:19,1
DA:20,1
DA:21,1
DA:22,1
DA:23,1
DA:24,1
DA:25,1
DA:26,1
DA:27,1
LF:27
LH:27
BRDA:1,0,0,1
BRDA:5,1,0,1
BRDA:6,2,0,1
BRDA:10,3,0,2
BRDA:19,4,0,1
BRF:5
BRH:5
end_of_record
TN:
SF:src\repositories\ImagesRepository.js
FN:6,<instance_members_initializer>
FN:7,ImagesRepository
FN:10,create
FN:23,findByUserId
FNF:4
FNH:4
FNDA:1,<instance_members_initializer>
FNDA:1,ImagesRepository
FNDA:1,create
FNDA:1,findByUserId
DA:1,1
DA:2,1
DA:3,1
DA:4,1
DA:5,1
DA:6,1
DA:7,1
DA:8,1
DA:9,1
DA:10,1
DA:11,1
DA:12,1
DA:13,1
DA:14,1
DA:15,1
DA:16,1
DA:17,1
DA:18,1
DA:19,1
DA:20,1
DA:21,1
DA:22,1
DA:23,1
DA:24,1
DA:25,1
DA:26,1
DA:27,1
DA:28,1
DA:29,1
DA:30,1
DA:31,1
DA:32,1
DA:33,1
DA:34,1
LF:34
LH:34
BRDA:1,0,0,1
BRDA:6,1,0,1
BRDA:7,2,0,1
BRDA:10,3,0,1
BRDA:23,4,0,1
BRF:5
BRH:5
end_of_record
TN:
SF:src\repositories\UsersRepository.js
FN:6,<instance_members_initializer>
FN:7,UsersRepository
FN:10,create
FN:21,findById
FN:23,findByEmail
FNF:5
FNH:4
FNDA:1,<instance_members_initializer>
FNDA:1,UsersRepository
FNDA:1,create
FNDA:0,findById
FNDA:2,findByEmail
DA:1,1
DA:2,1
DA:3,1
DA:4,1
DA:5,1
DA:6,1
DA:7,1
DA:8,1
DA:9,1
DA:10,1
DA:11,1
DA:12,1
DA:13,1
DA:14,1
DA:15,1
DA:16,1
DA:17,1
DA:18,1
DA:19,1
DA:20,1
DA:21,1
DA:22,0
DA:23,1
DA:24,2
DA:25,2
DA:26,2
DA:27,2
DA:28,2
DA:29,1
LF:29
LH:28
BRDA:1,0,0,1
BRDA:6,1,0,1
BRDA:7,2,0,1
BRDA:10,3,0,1
BRDA:23,4,0,2
BRF:5
BRH:5
end_of_record
TN:
SF:src\services\ImageService.js
FN:12,<instance_members_initializer>
FN:15,ImageService
FN:20,save
FN:46,delete
FN:50,findByUserId
FNF:5
FNH:4
FNDA:1,<instance_members_initializer>
FNDA:1,ImageService
FNDA:1,save
FNDA:0,delete
FNDA:1,findByUserId
DA:1,1
DA:2,1
DA:3,1
DA:4,1
DA:5,1
DA:6,1
DA:7,1
DA:8,1
DA:9,1
DA:10,1
DA:11,1
DA:12,1
DA:13,1
DA:14,1
DA:15,1
DA:16,1
DA:17,1
DA:18,1
DA:19,1
DA:20,1
DA:21,1
DA:22,1
DA:23,1
DA:24,1
DA:25,1
DA:26,1
DA:27,1
DA:28,1
DA:29,1
DA:30,0
DA:31,0
DA:32,1
DA:33,1
DA:34,1
DA:35,1
DA:36,1
DA:37,1
DA:38,1
DA:39,1
DA:40,1
DA:41,1
DA:42,1
DA:43,1
DA:44,1
DA:45,1
DA:46,1
DA:47,0
DA:48,0
DA:49,1
DA:50,1
DA:51,1
DA:52,1
DA:53,1
DA:54,1
DA:55,1
DA:56,1
LF:56
LH:52
BRDA:1,0,0,1
BRDA:12,1,0,1
BRDA:15,2,0,1
BRDA:20,3,0,1
BRDA:29,4,0,0
BRDA:50,5,0,1
BRF:6
BRH:5
end_of_record
TN:
SF:src\services\UserService.js
FN:12,<instance_members_initializer>
FN:13,UserService
FN:16,create
FN:33,session
FNF:4
FNH:4
FNDA:2,<instance_members_initializer>
FNDA:2,UserService
FNDA:1,create
FNDA:1,session
DA:1,1
DA:2,1
DA:3,1
DA:4,1
DA:5,1
DA:6,1
DA:7,1
DA:8,1
DA:9,1
DA:10,1
DA:11,1
DA:12,1
DA:13,1
DA:14,2
DA:15,2
DA:16,1
DA:17,1
DA:18,1
DA:19,1
DA:20,1
DA:21,1
DA:22,1
DA:23,0
DA:24,0
DA:25,1
DA:26,1
DA:27,1
DA:28,1
DA:29,1
DA:30,1
DA:31,1
DA:32,1
DA:33,1
DA:34,1
DA:35,1
DA:36,1
DA:37,1
DA:38,1
DA:39,1
DA:40,1
DA:41,1
DA:42,1
DA:43,0
DA:44,0
DA:45,1
DA:46,1
DA:47,1
DA:48,1
DA:49,1
DA:50,0
DA:51,0
DA:52,1
DA:53,1
DA:54,1
DA:55,1
DA:56,1
DA:57,1
DA:58,1
DA:59,1
DA:60,1
DA:61,1
DA:62,1
DA:63,1
DA:64,1
DA:65,1
DA:66,1
DA:67,1
DA:68,1
LF:68
LH:62
BRDA:1,0,0,1
BRDA:12,1,0,2
BRDA:13,2,0,2
BRDA:16,3,0,1
BRDA:22,4,0,0
BRDA:33,5,0,1
BRDA:42,6,0,0
BRDA:49,7,0,0
BRF:8
BRH:5
end_of_record
TN:
SF:src\shared\containers\index.js
FNF:0
FNH:0
DA:1,1
DA:2,1
DA:3,1
DA:4,1
DA:5,1
DA:6,1
DA:7,1
DA:8,1
DA:9,1
DA:10,1
DA:11,1
DA:12,1
DA:13,1
DA:14,1
LF:14
LH:14
BRDA:1,0,0,1
BRF:1
BRH:1
end_of_record
TN:
SF:src\shared\errors\AppError.js
FN:3,<instance_members_initializer>
FN:5,AppError
FNF:2
FNH:1
FNDA:0,<instance_members_initializer>
FNDA:1,AppError
DA:1,1
DA:2,1
DA:3,1
DA:4,1
DA:5,1
DA:6,1
DA:7,1
DA:8,1
DA:9,1
LF:9
LH:9
BRDA:3,0,0,0
BRDA:5,1,0,1
BRF:2
BRH:1
end_of_record
TN:
SF:src\shared\infra\http\app.js
FNF:0
FNH:0
DA:1,1
DA:2,1
DA:3,1
DA:4,1
DA:5,1
DA:6,1
DA:7,1
DA:8,1
DA:9,1
DA:10,1
DA:11,1
DA:12,1
DA:13,1
DA:14,1
DA:15,1
DA:16,1
DA:17,1
DA:18,0
DA:19,0
DA:20,1
DA:21,1
DA:22,1
DA:23,1
LF:23
LH:21
BRDA:1,0,0,1
BRDA:16,1,0,1
BRDA:17,2,0,0
BRF:3
BRH:2
end_of_record
TN:
SF:src\shared\infra\http\routes.js
FNF:0
FNH:0
DA:1,1
DA:2,1
DA:3,1
DA:4,1
DA:5,1
DA:6,1
DA:7,1
DA:8,1
DA:9,1
DA:10,1
DA:11,1
DA:12,1
DA:13,1
DA:14,1
DA:15,1
DA:16,1
DA:17,1
DA:18,1
DA:19,1
DA:20,1
DA:21,1
DA:22,1
LF:22
LH:22
BRDA:1,0,0,1
BRDA:13,1,0,1
BRDA:15,2,0,2
BRDA:17,3,0,1
BRDA:19,4,0,1
BRF:5
BRH:5
end_of_record
TN:
SF:src\shared\infra\http\middlewares\ensureAuthenticated.js
FN:7,ensureAuthenticated
FNF:1
FNH:1
FNDA:2,ensureAuthenticated
DA:1,1
DA:2,1
DA:3,1
DA:4,1
DA:5,1
DA:6,1
DA:7,1
DA:8,2
DA:9,2
DA:10,2
DA:11,0
DA:12,0
DA:13,2
DA:14,2
DA:15,2
DA:16,2
DA:17,2
DA:18,2
DA:19,2
DA:20,2
DA:21,2
DA:22,2
DA:23,2
DA:24,2
DA:25,2
DA:26,0
DA:27,0
DA:28,2
DA:29,2
LF:29
LH:25
BRDA:1,0,0,1
BRDA:7,1,0,2
BRDA:10,2,0,0
BRDA:25,3,0,0
BRF:4
BRH:2
end_of_record
TN:
SF:src\shared\providers\StorageProvider\LocalStorageProvider.js
FN:9,save
FN:19,delete
FNF:2
FNH:0
FNDA:0,save
FNDA:0,delete
DA:1,1
DA:2,1
DA:3,1
DA:4,1
DA:5,1
DA:6,1
DA:7,1
DA:8,1
DA:9,1
DA:10,0
DA:11,0
DA:12,0
DA:13,0
DA:14,0
DA:15,0
DA:16,0
DA:17,0
DA:18,0
DA:19,1
DA:20,0
DA:21,0
DA:22,0
DA:23,0
DA:24,0
DA:25,0
DA:26,0
DA:27,0
DA:28,0
DA:29,0
DA:30,0
DA:31,0
DA:32,0
DA:33,0
DA:34,1
LF:34
LH:11
BRDA:1,0,0,1
BRF:1
BRH:1
end_of_record
TN:
SF:src\shared\providers\StorageProvider\S3StorageProvider.js
FN:11,<instance_members_initializer>
FN:12,S3StorageProvider
FN:17,save
FN:38,delete
FNF:4
FNH:3
FNDA:1,<instance_members_initializer>
FNDA:1,S3StorageProvider
FNDA:1,save
FNDA:0,delete
DA:1,1
DA:2,1
DA:3,1
DA:4,1
DA:5,1
DA:6,1
DA:7,1
DA:8,1
DA:9,1
DA:10,1
DA:11,1
DA:12,1
DA:13,1
DA:14,1
DA:15,1
DA:16,1
DA:17,1
DA:18,1
DA:19,1
DA:20,1
DA:21,1
DA:22,1
DA:23,1
DA:24,1
DA:25,1
DA:26,1
DA:27,1
DA:28,1
DA:29,1
DA:30,1
DA:31,1
DA:32,1
DA:33,1
DA:34,1
DA:35,1
DA:36,1
DA:37,1
DA:38,1
DA:39,0
DA:40,0
DA:41,0
DA:42,0
DA:43,0
DA:44,0
DA:45,1
LF:45
LH:39
BRDA:1,0,0,1
BRDA:11,1,0,1
BRDA:12,2,0,1
BRDA:17,3,0,1
BRF:4
BRH:4
end_of_record
